SF:lib\extensions\string.dart
DA:2,1
DA:3,1
DA:6,4
LF:3
LH:3
end_of_record
SF:lib\resources\event_bus.dart
DA:4,3
DA:9,1
DA:10,3
LF:3
LH:3
end_of_record
SF:lib\resources\settings.dart
DA:13,2
DA:16,6
DA:19,2
DA:20,2
DA:26,4
DA:27,2
DA:28,2
DA:29,2
DA:33,2
DA:35,4
DA:37,6
DA:40,2
DA:41,6
LF:13
LH:13
end_of_record
SF:lib\resources\mirror.dart
DA:14,1
DA:17,3
DA:20,1
DA:21,1
DA:25,0
DA:26,0
DA:27,0
DA:28,0
DA:32,1
DA:33,1
DA:35,4
DA:36,5
DA:37,2
DA:42,1
DA:43,6
DA:45,6
DA:46,2
DA:48,2
DA:50,1
DA:51,0
DA:56,1
DA:57,4
DA:58,6
DA:64,1
DA:66,4
DA:67,4
DA:68,2
DA:72,1
DA:73,0
LF:29
LH:23
end_of_record
SF:lib\resources\vocab_entry.dart
DA:14,3
DA:28,2
DA:29,2
DA:30,2
DA:31,2
DA:32,2
DA:33,2
DA:34,2
DA:35,2
DA:36,2
DA:37,2
DA:38,2
DA:39,2
DA:40,2
DA:45,2
DA:46,2
DA:47,6
DA:48,2
DA:49,2
DA:50,2
DA:51,2
DA:52,2
DA:53,2
DA:54,2
DA:55,2
DA:56,2
DA:57,2
DA:62,2
DA:63,2
DA:64,2
DA:65,2
DA:66,2
DA:67,2
DA:68,2
DA:69,2
DA:70,2
DA:71,2
DA:72,2
DA:73,2
DA:74,2
LF:40
LH:40
end_of_record
SF:lib\resources\sql_database.dart
DA:14,1
DA:17,3
DA:20,1
DA:21,1
DA:42,0
DA:43,0
DA:47,1
DA:48,2
DA:50,3
DA:51,1
DA:52,2
DA:57,0
DA:58,0
DA:59,0
DA:63,1
DA:64,2
DA:66,1
DA:72,1
DA:73,2
DA:76,1
DA:79,1
DA:80,2
DA:87,1
DA:88,2
DA:91,1
DA:96,1
DA:97,2
DA:98,5
DA:102,1
DA:104,2
LF:30
LH:25
end_of_record
SF:lib\resources\undo.dart
DA:5,1
DA:8,1
DA:9,2
DA:13,1
DA:14,3
DA:15,1
LF:6
LH:6
end_of_record
SF:lib\resources\file_handler.dart
DA:7,0
DA:9,0
DA:11,0
DA:14,0
DA:16,0
DA:20,0
DA:29,0
DA:30,0
DA:34,0
DA:35,0
DA:36,0
DA:37,0
DA:41,0
DA:43,0
DA:44,0
DA:45,0
LF:16
LH:0
end_of_record
